<?xml version="1.0" encoding="UTF-8"?>
<!-- Generated by org.testng.reporters.JUnitXMLReporter -->
<testsuite ignored="0" hostname="LIN25009168" failures="1" tests="1" name="Test" time="9.393" errors="0" timestamp="21 Dec 2022 11:51:53 GMT">
  <testcase classname="com.banking.testCases.TestCase_01" name="loginTest" time="1.109">
    <failure type="java.lang.AssertionError" message="expected [true] but found [false]">
      <![CDATA[java.lang.AssertionError: expected [true] but found [false]
at com.banking.testCases.TestCase_01.loginTest(TestCase_01.java:40)
... Removed 29 stack frames]]>
    </failure>
  </testcase> <!-- loginTest -->
</testsuite> <!-- Test -->
